Started GET "/" for ::1 at 2021-05-05 11:29:04 +0300
Processing by Rails::WelcomeController#index as HTML
  Rendering /home/beone/.rvm/gems/ruby-2.6.3/gems/railties-5.2.5/lib/rails/templates/rails/welcome/index.html.erb
  Rendered /home/beone/.rvm/gems/ruby-2.6.3/gems/railties-5.2.5/lib/rails/templates/rails/welcome/index.html.erb (2.3ms)
Completed 200 OK in 9ms (Views: 5.2ms | ActiveRecord: 0.0ms)


Started GET "/" for ::1 at 2021-05-05 11:29:06 +0300
Processing by Rails::WelcomeController#index as HTML
  Rendering /home/beone/.rvm/gems/ruby-2.6.3/gems/railties-5.2.5/lib/rails/templates/rails/welcome/index.html.erb
  Rendered /home/beone/.rvm/gems/ruby-2.6.3/gems/railties-5.2.5/lib/rails/templates/rails/welcome/index.html.erb (10.4ms)
Completed 200 OK in 17ms (Views: 13.4ms | ActiveRecord: 0.0ms)


Started GET "/" for ::1 at 2021-05-05 11:29:06 +0300
Processing by Rails::WelcomeController#index as HTML
  Rendering /home/beone/.rvm/gems/ruby-2.6.3/gems/railties-5.2.5/lib/rails/templates/rails/welcome/index.html.erb
  Rendered /home/beone/.rvm/gems/ruby-2.6.3/gems/railties-5.2.5/lib/rails/templates/rails/welcome/index.html.erb (7.5ms)
Completed 200 OK in 12ms (Views: 9.7ms | ActiveRecord: 0.0ms)


Started GET "/" for ::1 at 2021-05-05 11:30:33 +0300
Processing by Rails::WelcomeController#index as HTML
  Rendering /home/beone/.rvm/gems/ruby-2.6.3/gems/railties-5.2.5/lib/rails/templates/rails/welcome/index.html.erb
  Rendered /home/beone/.rvm/gems/ruby-2.6.3/gems/railties-5.2.5/lib/rails/templates/rails/welcome/index.html.erb (6.9ms)
Completed 200 OK in 14ms (Views: 9.9ms | ActiveRecord: 0.0ms)


Started GET "/" for ::1 at 2021-05-05 11:36:44 +0300
Processing by Rails::WelcomeController#index as HTML
  Rendering /home/beone/.rvm/gems/ruby-2.6.3/gems/railties-5.2.5/lib/rails/templates/rails/welcome/index.html.erb
  Rendered /home/beone/.rvm/gems/ruby-2.6.3/gems/railties-5.2.5/lib/rails/templates/rails/welcome/index.html.erb (2.3ms)
Completed 200 OK in 9ms (Views: 4.6ms | ActiveRecord: 0.0ms)


Started GET "/" for ::1 at 2021-05-05 11:36:45 +0300
Processing by Rails::WelcomeController#index as HTML
  Rendering /home/beone/.rvm/gems/ruby-2.6.3/gems/railties-5.2.5/lib/rails/templates/rails/welcome/index.html.erb
  Rendered /home/beone/.rvm/gems/ruby-2.6.3/gems/railties-5.2.5/lib/rails/templates/rails/welcome/index.html.erb (7.0ms)
Completed 200 OK in 14ms (Views: 9.6ms | ActiveRecord: 0.0ms)


